<?xml version="1.0" encoding="UTF-8"?>
<!-- Generated by org.testng.reporters.JUnitReportReporter -->
<testsuite hostname="WIN-GLF10487UOQ" failures="0" tests="2" name="com.sddevops.CWF_maven.eclipse.NewTest" time="1.315" errors="0" timestamp="17 Oct 2022 13:09:15 GMT">
  <testcase classname="com.sddevops.CWF_maven.eclipse.NewTest" name="checkTitle1" time="0.983"/>
  <testcase classname="com.sddevops.CWF_maven.eclipse.NewTest" name="checkTitle2" time="0.332"/>
</testsuite> <!-- com.sddevops.CWF_maven.eclipse.NewTest -->
