<?xml version="1.0" encoding="UTF-8"?>
<!-- Generated by org.testng.reporters.JUnitReportReporter -->
<testsuite hostname="WIN-GLF10487UOQ" failures="0" tests="2" name="com.sddevops.CWF_maven.eclipse.NewTest" time="1.769" errors="0" timestamp="15 Oct 2022 13:02:02 GMT">
  <testcase classname="com.sddevops.CWF_maven.eclipse.NewTest" name="checkTitle1" time="1.253"/>
  <testcase classname="com.sddevops.CWF_maven.eclipse.NewTest" name="checkTitle2" time="0.516"/>
</testsuite> <!-- com.sddevops.CWF_maven.eclipse.NewTest -->
