<?xml version="1.0" encoding="UTF-8"?>
<!-- Generated by org.testng.reporters.JUnitReportReporter -->
<testsuite hostname="WIN-GLF10487UOQ" failures="0" tests="2" name="com.sddevops.CWF_maven.eclipse.NewTest" time="2.213" errors="0" timestamp="16 Oct 2022 13:37:32 GMT">
  <testcase classname="com.sddevops.CWF_maven.eclipse.NewTest" name="checkTitle2" time="0.378"/>
  <testcase classname="com.sddevops.CWF_maven.eclipse.NewTest" name="checkTitle1" time="1.835"/>
</testsuite> <!-- com.sddevops.CWF_maven.eclipse.NewTest -->
