<?xml version="1.0" encoding="UTF-8"?>
<!-- Generated by org.testng.reporters.JUnitReportReporter -->
<testsuite hostname="WIN-GLF10487UOQ" failures="0" tests="1" name="com.sddevops.CWF_maven.eclipse.NewTest" time="1.975" errors="0" timestamp="4 Oct 2022 21:03:53 GMT">
  <testcase classname="com.sddevops.CWF_maven.eclipse.NewTest" name="checkTitle" time="1.975"/>
</testsuite> <!-- com.sddevops.CWF_maven.eclipse.NewTest -->
