<?xml version="1.0" encoding="UTF-8"?>
<!-- Generated by org.testng.reporters.JUnitReportReporter -->
<testsuite hostname="WIN-GLF10487UOQ" failures="0" tests="1" name="com.sddevops.CWF_maven.eclipse.NewTest" time="1.119" errors="0" timestamp="12 Oct 2022 22:01:43 GMT">
  <testcase classname="com.sddevops.CWF_maven.eclipse.NewTest" name="checkTitle2" time="1.119"/>
</testsuite> <!-- com.sddevops.CWF_maven.eclipse.NewTest -->
