<?xml version="1.0" encoding="UTF-8"?>
<!-- Generated by org.testng.reporters.JUnitReportReporter -->
<testsuite hostname="WIN-GLF10487UOQ" failures="0" tests="1" name="com.sddevops.CWF_maven.eclipse.NewTest" time="1.430" errors="0" timestamp="18 Oct 2022 20:29:28 GMT">
  <testcase classname="com.sddevops.CWF_maven.eclipse.NewTest" name="checkTitle2" time="1.430"/>
</testsuite> <!-- com.sddevops.CWF_maven.eclipse.NewTest -->
